# JRE version: OpenJDK Runtime Environment (8.0_302-b08) (build 1.8.0_302-b08)
# Java VM: OpenJDK 64-Bit Server VM (25.302-b08 mixed mode windows-amd64 compressed oops)
Heap:
 PSYoungGen      total 272384K, used 3357K [0x000000076c580000, 0x000000077f280000, 0x00000007c0000000)
  eden space 251904K, 0% used [0x000000076c580000,0x000000076c723df8,0x000000077bb80000)
  from space 20480K, 8% used [0x000000077de80000,0x000000077e0238a0,0x000000077f280000)
  to   space 28160K, 0% used [0x000000077bb80000,0x000000077bb80000,0x000000077d700000)
 ParOldGen       total 142336K, used 22275K [0x00000006c5000000, 0x00000006cdb00000, 0x000000076c580000)
  object space 142336K, 15% used [0x00000006c5000000,0x00000006c65c0fc0,0x00000006cdb00000)
 Metaspace       used 24384K, capacity 24781K, committed 25088K, reserved 1071104K
  class space    used 2877K, capacity 2995K, committed 3072K, reserved 1048576K
GC Heap History (10 events):
Event: 3.180 GC heap before
{Heap before GC invocations=5 (full 1):
 PSYoungGen      total 139776K, used 129024K [0x000000076c580000, 0x000000077d680000, 0x00000007c0000000)
  eden space 129024K, 100% used [0x000000076c580000,0x0000000774380000,0x0000000774380000)
  from space 10752K, 0% used [0x0000000774380000,0x0000000774380000,0x0000000774e00000)
  to   space 10752K, 0% used [0x000000077cc00000,0x000000077cc00000,0x000000077d680000)
 ParOldGen       total 142336K, used 22235K [0x00000006c5000000, 0x00000006cdb00000, 0x000000076c580000)
  object space 142336K, 15% used [0x00000006c5000000,0x00000006c65b6fc0,0x00000006cdb00000)
 Metaspace       used 23895K, capacity 24235K, committed 24576K, reserved 1071104K
  class space    used 2848K, capacity 2968K, committed 3072K, reserved 1048576K
Event: 3.184 GC heap after
Heap after GC invocations=5 (full 1):
 PSYoungGen      total 171008K, used 2876K [0x000000076c580000, 0x000000077cf00000, 0x00000007c0000000)
  eden space 167936K, 0% used [0x000000076c580000,0x000000076c580000,0x0000000776980000)
  from space 3072K, 93% used [0x000000077cc00000,0x000000077cecf1d8,0x000000077cf00000)
  to   space 10752K, 0% used [0x000000077ba00000,0x000000077ba00000,0x000000077c480000)
 ParOldGen       total 142336K, used 22243K [0x00000006c5000000, 0x00000006cdb00000, 0x000000076c580000)
  object space 142336K, 15% used [0x00000006c5000000,0x00000006c65b8fc0,0x00000006cdb00000)
 Metaspace       used 23895K, capacity 24235K, committed 24576K, reserved 1071104K
  class space    used 2848K, capacity 2968K, committed 3072K, reserved 1048576K
}
Event: 5.465 GC heap before
{Heap before GC invocations=6 (full 1):
 PSYoungGen      total 171008K, used 170812K [0x000000076c580000, 0x000000077cf00000, 0x00000007c0000000)
  eden space 167936K, 100% used [0x000000076c580000,0x0000000776980000,0x0000000776980000)
  from space 3072K, 93% used [0x000000077cc00000,0x000000077cecf1d8,0x000000077cf00000)
  to   space 10752K, 0% used [0x000000077ba00000,0x000000077ba00000,0x000000077c480000)
 ParOldGen       total 142336K, used 22243K [0x00000006c5000000, 0x00000006cdb00000, 0x000000076c580000)
  object space 142336K, 15% used [0x00000006c5000000,0x00000006c65b8fc0,0x00000006cdb00000)
 Metaspace       used 24171K, capacity 24547K, committed 24832K, reserved 1071104K
  class space    used 2860K, capacity 2988K, committed 3072K, reserved 1048576K
Event: 5.466 GC heap after
Heap after GC invocations=6 (full 1):
 PSYoungGen      total 211456K, used 1550K [0x000000076c580000, 0x000000077cc80000, 0x00000007c0000000)
  eden space 209408K, 0% used [0x000000076c580000,0x000000076c580000,0x0000000779200000)
  from space 2048K, 75% used [0x000000077ba00000,0x000000077bb838a0,0x000000077bc00000)
  to   space 16896K, 0% used [0x000000077bc00000,0x000000077bc00000,0x000000077cc80000)
 ParOldGen       total 142336K, used 22251K [0x00000006c5000000, 0x00000006cdb00000, 0x000000076c580000)
  object space 142336K, 15% used [0x00000006c5000000,0x00000006c65bafc0,0x00000006cdb00000)
 Metaspace       used 24171K, capacity 24547K, committed 24832K, reserved 1071104K
  class space    used 2860K, capacity 2988K, committed 3072K, reserved 1048576K
}
Event: 7.700 GC heap before
{Heap before GC invocations=7 (full 1):
 PSYoungGen      total 211456K, used 210958K [0x000000076c580000, 0x000000077cc80000, 0x00000007c0000000)
  eden space 209408K, 100% used [0x000000076c580000,0x0000000779200000,0x0000000779200000)
  from space 2048K, 75% used [0x000000077ba00000,0x000000077bb838a0,0x000000077bc00000)
  to   space 16896K, 0% used [0x000000077bc00000,0x000000077bc00000,0x000000077cc80000)
 ParOldGen       total 142336K, used 22251K [0x00000006c5000000, 0x00000006cdb00000, 0x000000076c580000)
  object space 142336K, 15% used [0x00000006c5000000,0x00000006c65bafc0,0x00000006cdb00000)
 Metaspace       used 24265K, capacity 24693K, committed 24832K, reserved 1071104K
  class space    used 2865K, capacity 2991K, committed 3072K, reserved 1048576K
Event: 7.702 GC heap after
Heap after GC invocations=7 (full 1):
 PSYoungGen      total 240128K, used 1614K [0x000000076c580000, 0x000000077f400000, 0x00000007c0000000)
  eden space 223232K, 0% used [0x000000076c580000,0x000000076c580000,0x0000000779f80000)
  from space 16896K, 9% used [0x000000077bc00000,0x000000077bd938a0,0x000000077cc80000)
  to   space 29184K, 0% used [0x0000000779f80000,0x0000000779f80000,0x000000077bc00000)
 ParOldGen       total 142336K, used 22259K [0x00000006c5000000, 0x00000006cdb00000, 0x000000076c580000)
  object space 142336K, 15% used [0x00000006c5000000,0x00000006c65bcfc0,0x00000006cdb00000)
 Metaspace       used 24265K, capacity 24693K, committed 24832K, reserved 1071104K
  class space    used 2865K, capacity 2991K, committed 3072K, reserved 1048576K
}
Event: 10.736 GC heap before
{Heap before GC invocations=8 (full 1):
 PSYoungGen      total 240128K, used 224846K [0x000000076c580000, 0x000000077f400000, 0x00000007c0000000)
  eden space 223232K, 100% used [0x000000076c580000,0x0000000779f80000,0x0000000779f80000)
  from space 16896K, 9% used [0x000000077bc00000,0x000000077bd938a0,0x000000077cc80000)
  to   space 29184K, 0% used [0x0000000779f80000,0x0000000779f80000,0x000000077bc00000)
 ParOldGen       total 142336K, used 22259K [0x00000006c5000000, 0x00000006cdb00000, 0x000000076c580000)
  object space 142336K, 15% used [0x00000006c5000000,0x00000006c65bcfc0,0x00000006cdb00000)
 Metaspace       used 24288K, capacity 24757K, committed 25088K, reserved 1071104K
  class space    used 2865K, capacity 2991K, committed 3072K, reserved 1048576K
Event: 10.738 GC heap after
Heap after GC invocations=8 (full 1):
 PSYoungGen      total 252416K, used 1582K [0x000000076c580000, 0x000000077fa80000, 0x00000007c0000000)
  eden space 223232K, 0% used [0x000000076c580000,0x000000076c580000,0x0000000779f80000)
  from space 29184K, 5% used [0x0000000779f80000,0x000000077a10b8a0,0x000000077bc00000)
  to   space 28672K, 0% used [0x000000077de80000,0x000000077de80000,0x000000077fa80000)
 ParOldGen       total 142336K, used 22267K [0x00000006c5000000, 0x00000006cdb00000, 0x000000076c580000)
  object space 142336K, 15% used [0x00000006c5000000,0x00000006c65befc0,0x00000006cdb00000)
 Metaspace       used 24288K, capacity 24757K, committed 25088K, reserved 1071104K
  class space    used 2865K, capacity 2991K, committed 3072K, reserved 1048576K
}
Event: 13.802 GC heap before
{Heap before GC invocations=9 (full 1):
 PSYoungGen      total 252416K, used 224814K [0x000000076c580000, 0x000000077fa80000, 0x00000007c0000000)
  eden space 223232K, 100% used [0x000000076c580000,0x0000000779f80000,0x0000000779f80000)
  from space 29184K, 5% used [0x0000000779f80000,0x000000077a10b8a0,0x000000077bc00000)
  to   space 28672K, 0% used [0x000000077de80000,0x000000077de80000,0x000000077fa80000)
 ParOldGen       total 142336K, used 22267K [0x00000006c5000000, 0x00000006cdb00000, 0x000000076c580000)
  object space 142336K, 15% used [0x00000006c5000000,0x00000006c65befc0,0x00000006cdb00000)
 Metaspace       used 24384K, capacity 24781K, committed 25088K, reserved 1071104K
  class space    used 2877K, capacity 2995K, committed 3072K, reserved 1048576K
Event: 13.804 GC heap after
Heap after GC invocations=9 (full 1):
 PSYoungGen      total 272384K, used 1678K [0x000000076c580000, 0x000000077f280000, 0x00000007c0000000)
  eden space 251904K, 0% used [0x000000076c580000,0x000000076c580000,0x000000077bb80000)
  from space 20480K, 8% used [0x000000077de80000,0x000000077e0238a0,0x000000077f280000)
  to   space 28160K, 0% used [0x000000077bb80000,0x000000077bb80000,0x000000077d700000)
 ParOldGen       total 142336K, used 22275K [0x00000006c5000000, 0x00000006cdb00000, 0x000000076c580000)
  object space 142336K, 15% used [0x00000006c5000000,0x00000006c65c0fc0,0x00000006cdb00000)
 Metaspace       used 24384K, capacity 24781K, committed 25088K, reserved 1071104K
  class space    used 2877K, capacity 2995K, committed 3072K, reserved 1048576K
}

