# JRE version: OpenJDK Runtime Environment (8.0_302-b08) (build 1.8.0_302-b08)
# Java VM: OpenJDK 64-Bit Server VM (25.302-b08 mixed mode windows-amd64 compressed oops)
Heap:
 PSYoungGen      total 296448K, used 26564K [0x000000076c580000, 0x0000000780300000, 0x00000007c0000000)
  eden space 274944K, 9% used [0x000000076c580000,0x000000076dddd940,0x000000077d200000)
  from space 21504K, 7% used [0x000000077ee00000,0x000000077ef938a0,0x0000000780300000)
  to   space 25088K, 0% used [0x000000077d200000,0x000000077d200000,0x000000077ea80000)
 ParOldGen       total 139264K, used 25306K [0x00000006c5000000, 0x00000006cd800000, 0x000000076c580000)
  object space 139264K, 18% used [0x00000006c5000000,0x00000006c68b6a78,0x00000006cd800000)
 Metaspace       used 24387K, capacity 24863K, committed 25088K, reserved 1071104K
  class space    used 2878K, capacity 2998K, committed 3072K, reserved 1048576K
GC Heap History (10 events):
Event: 7.118 GC heap before
{Heap before GC invocations=7 (full 1):
 PSYoungGen      total 221696K, used 221230K [0x000000076c580000, 0x000000077d100000, 0x00000007c0000000)
  eden space 219648K, 100% used [0x000000076c580000,0x0000000779c00000,0x0000000779c00000)
  from space 2048K, 77% used [0x000000077ba00000,0x000000077bb8b8a0,0x000000077bc00000)
  to   space 21504K, 0% used [0x000000077bc00000,0x000000077bc00000,0x000000077d100000)
 ParOldGen       total 139264K, used 25274K [0x00000006c5000000, 0x00000006cd800000, 0x000000076c580000)
  object space 139264K, 18% used [0x00000006c5000000,0x00000006c68aea78,0x00000006cd800000)
 Metaspace       used 24247K, capacity 24635K, committed 24832K, reserved 1071104K
  class space    used 2867K, capacity 2992K, committed 3072K, reserved 1048576K
Event: 7.120 GC heap after
Heap after GC invocations=7 (full 1):
 PSYoungGen      total 246784K, used 1614K [0x000000076c580000, 0x0000000780200000, 0x00000007c0000000)
  eden space 225280K, 0% used [0x000000076c580000,0x000000076c580000,0x000000077a180000)
  from space 21504K, 7% used [0x000000077bc00000,0x000000077bd938a0,0x000000077d100000)
  to   space 27136K, 0% used [0x000000077a180000,0x000000077a180000,0x000000077bc00000)
 ParOldGen       total 139264K, used 25282K [0x00000006c5000000, 0x00000006cd800000, 0x000000076c580000)
  object space 139264K, 18% used [0x00000006c5000000,0x00000006c68b0a78,0x00000006cd800000)
 Metaspace       used 24247K, capacity 24635K, committed 24832K, reserved 1071104K
  class space    used 2867K, capacity 2992K, committed 3072K, reserved 1048576K
}
Event: 10.488 GC heap before
{Heap before GC invocations=8 (full 1):
 PSYoungGen      total 246784K, used 226894K [0x000000076c580000, 0x0000000780200000, 0x00000007c0000000)
  eden space 225280K, 100% used [0x000000076c580000,0x000000077a180000,0x000000077a180000)
  from space 21504K, 7% used [0x000000077bc00000,0x000000077bd938a0,0x000000077d100000)
  to   space 27136K, 0% used [0x000000077a180000,0x000000077a180000,0x000000077bc00000)
 ParOldGen       total 139264K, used 25282K [0x00000006c5000000, 0x00000006cd800000, 0x000000076c580000)
  object space 139264K, 18% used [0x00000006c5000000,0x00000006c68b0a78,0x00000006cd800000)
 Metaspace       used 24276K, capacity 24647K, committed 24832K, reserved 1071104K
  class space    used 2868K, capacity 2994K, committed 3072K, reserved 1048576K
Event: 10.491 GC heap after
Heap after GC invocations=8 (full 1):
 PSYoungGen      total 252416K, used 1614K [0x000000076c580000, 0x000000077ff80000, 0x00000007c0000000)
  eden space 225280K, 0% used [0x000000076c580000,0x000000076c580000,0x000000077a180000)
  from space 27136K, 5% used [0x000000077a180000,0x000000077a3138a0,0x000000077bc00000)
  to   space 27136K, 0% used [0x000000077e500000,0x000000077e500000,0x000000077ff80000)
 ParOldGen       total 139264K, used 25290K [0x00000006c5000000, 0x00000006cd800000, 0x000000076c580000)
  object space 139264K, 18% used [0x00000006c5000000,0x00000006c68b2a78,0x00000006cd800000)
 Metaspace       used 24276K, capacity 24647K, committed 24832K, reserved 1071104K
  class space    used 2868K, capacity 2994K, committed 3072K, reserved 1048576K
}
Event: 13.899 GC heap before
{Heap before GC invocations=9 (full 1):
 PSYoungGen      total 252416K, used 226894K [0x000000076c580000, 0x000000077ff80000, 0x00000007c0000000)
  eden space 225280K, 100% used [0x000000076c580000,0x000000077a180000,0x000000077a180000)
  from space 27136K, 5% used [0x000000077a180000,0x000000077a3138a0,0x000000077bc00000)
  to   space 27136K, 0% used [0x000000077e500000,0x000000077e500000,0x000000077ff80000)
 ParOldGen       total 139264K, used 25290K [0x00000006c5000000, 0x00000006cd800000, 0x000000076c580000)
  object space 139264K, 18% used [0x00000006c5000000,0x00000006c68b2a78,0x00000006cd800000)
 Metaspace       used 24309K, capacity 24717K, committed 24832K, reserved 1071104K
  class space    used 2868K, capacity 2995K, committed 3072K, reserved 1048576K
Event: 13.900 GC heap after
Heap after GC invocations=9 (full 1):
 PSYoungGen      total 276992K, used 1646K [0x000000076c580000, 0x000000077f680000, 0x00000007c0000000)
  eden space 259072K, 0% used [0x000000076c580000,0x000000076c580000,0x000000077c280000)
  from space 17920K, 9% used [0x000000077e500000,0x000000077e69b8a0,0x000000077f680000)
  to   space 26624K, 0% used [0x000000077c280000,0x000000077c280000,0x000000077dc80000)
 ParOldGen       total 139264K, used 25298K [0x00000006c5000000, 0x00000006cd800000, 0x000000076c580000)
  object space 139264K, 18% used [0x00000006c5000000,0x00000006c68b4a78,0x00000006cd800000)
 Metaspace       used 24309K, capacity 24717K, committed 24832K, reserved 1071104K
  class space    used 2868K, capacity 2995K, committed 3072K, reserved 1048576K
}
Event: 16.979 GC heap before
{Heap before GC invocations=10 (full 1):
 PSYoungGen      total 276992K, used 260718K [0x000000076c580000, 0x000000077f680000, 0x00000007c0000000)
  eden space 259072K, 100% used [0x000000076c580000,0x000000077c280000,0x000000077c280000)
  from space 17920K, 9% used [0x000000077e500000,0x000000077e69b8a0,0x000000077f680000)
  to   space 26624K, 0% used [0x000000077c280000,0x000000077c280000,0x000000077dc80000)
 ParOldGen       total 139264K, used 25298K [0x00000006c5000000, 0x00000006cd800000, 0x000000076c580000)
  object space 139264K, 18% used [0x00000006c5000000,0x00000006c68b4a78,0x00000006cd800000)
 Metaspace       used 24326K, capacity 24723K, committed 24832K, reserved 1071104K
  class space    used 2869K, capacity 2996K, committed 3072K, reserved 1048576K
Event: 16.981 GC heap after
Heap after GC invocations=10 (full 1):
 PSYoungGen      total 285696K, used 1582K [0x000000076c580000, 0x0000000780700000, 0x00000007c0000000)
  eden space 259072K, 0% used [0x000000076c580000,0x000000076c580000,0x000000077c280000)
  from space 26624K, 5% used [0x000000077c280000,0x000000077c40b8a0,0x000000077dc80000)
  to   space 25600K, 0% used [0x000000077ee00000,0x000000077ee00000,0x0000000780700000)
 ParOldGen       total 139264K, used 25306K [0x00000006c5000000, 0x00000006cd800000, 0x000000076c580000)
  object space 139264K, 18% used [0x00000006c5000000,0x00000006c68b6a78,0x00000006cd800000)
 Metaspace       used 24326K, capacity 24723K, committed 24832K, reserved 1071104K
  class space    used 2869K, capacity 2996K, committed 3072K, reserved 1048576K
}
Event: 20.717 GC heap before
{Heap before GC invocations=11 (full 1):
 PSYoungGen      total 285696K, used 260654K [0x000000076c580000, 0x0000000780700000, 0x00000007c0000000)
  eden space 259072K, 100% used [0x000000076c580000,0x000000077c280000,0x000000077c280000)
  from space 26624K, 5% used [0x000000077c280000,0x000000077c40b8a0,0x000000077dc80000)
  to   space 25600K, 0% used [0x000000077ee00000,0x000000077ee00000,0x0000000780700000)
 ParOldGen       total 139264K, used 25306K [0x00000006c5000000, 0x00000006cd800000, 0x000000076c580000)
  object space 139264K, 18% used [0x00000006c5000000,0x00000006c68b6a78,0x00000006cd800000)
 Metaspace       used 24328K, capacity 24729K, committed 24832K, reserved 1071104K
  class space    used 2870K, capacity 2997K, committed 3072K, reserved 1048576K
Event: 20.721 GC heap after
Heap after GC invocations=11 (full 1):
 PSYoungGen      total 296448K, used 1614K [0x000000076c580000, 0x0000000780300000, 0x00000007c0000000)
  eden space 274944K, 0% used [0x000000076c580000,0x000000076c580000,0x000000077d200000)
  from space 21504K, 7% used [0x000000077ee00000,0x000000077ef938a0,0x0000000780300000)
  to   space 25088K, 0% used [0x000000077d200000,0x000000077d200000,0x000000077ea80000)
 ParOldGen       total 139264K, used 25306K [0x00000006c5000000, 0x00000006cd800000, 0x000000076c580000)
  object space 139264K, 18% used [0x00000006c5000000,0x00000006c68b6a78,0x00000006cd800000)
 Metaspace       used 24328K, capacity 24729K, committed 24832K, reserved 1071104K
  class space    used 2870K, capacity 2997K, committed 3072K, reserved 1048576K
}

