# JRE version: OpenJDK Runtime Environment (8.0_302-b08) (build 1.8.0_302-b08)
# Java VM: OpenJDK 64-Bit Server VM (25.302-b08 mixed mode windows-amd64 compressed oops)
Heap:
 PSYoungGen      total 268800K, used 119693K [0x000000076c580000, 0x000000077d680000, 0x00000007c0000000)
  eden space 258048K, 46% used [0x000000076c580000,0x0000000773a63508,0x000000077c180000)
  from space 10752K, 0% used [0x000000077cc00000,0x000000077cc00000,0x000000077d680000)
  to   space 10752K, 0% used [0x000000077c180000,0x000000077c180000,0x000000077cc00000)
 ParOldGen       total 134144K, used 21893K [0x00000006c5000000, 0x00000006cd300000, 0x000000076c580000)
  object space 134144K, 16% used [0x00000006c5000000,0x00000006c6561478,0x00000006cd300000)
 Metaspace       used 24061K, capacity 24445K, committed 24832K, reserved 1071104K
  class space    used 2868K, capacity 2971K, committed 3072K, reserved 1048576K
GC Heap History (10 events):
Event: 0.413 GC heap before
{Heap before GC invocations=1 (full 0):
 PSYoungGen      total 75264K, used 64512K [0x000000076c580000, 0x0000000771980000, 0x00000007c0000000)
  eden space 64512K, 100% used [0x000000076c580000,0x0000000770480000,0x0000000770480000)
  from space 10752K, 0% used [0x0000000770f00000,0x0000000770f00000,0x0000000771980000)
  to   space 10752K, 0% used [0x0000000770480000,0x0000000770480000,0x0000000770f00000)
 ParOldGen       total 172032K, used 0K [0x00000006c5000000, 0x00000006cf800000, 0x000000076c580000)
  object space 172032K, 0% used [0x00000006c5000000,0x00000006c5000000,0x00000006cf800000)
 Metaspace       used 8544K, capacity 8616K, committed 8832K, reserved 1056768K
  class space    used 1023K, capacity 1076K, committed 1152K, reserved 1048576K
Event: 0.419 GC heap after
Heap after GC invocations=1 (full 0):
 PSYoungGen      total 75264K, used 10726K [0x000000076c580000, 0x0000000775880000, 0x00000007c0000000)
  eden space 64512K, 0% used [0x000000076c580000,0x000000076c580000,0x0000000770480000)
  from space 10752K, 99% used [0x0000000770480000,0x0000000770ef9a10,0x0000000770f00000)
  to   space 10752K, 0% used [0x0000000774e00000,0x0000000774e00000,0x0000000775880000)
 ParOldGen       total 172032K, used 4514K [0x00000006c5000000, 0x00000006cf800000, 0x000000076c580000)
  object space 172032K, 2% used [0x00000006c5000000,0x00000006c5468a38,0x00000006cf800000)
 Metaspace       used 8544K, capacity 8616K, committed 8832K, reserved 1056768K
  class space    used 1023K, capacity 1076K, committed 1152K, reserved 1048576K
}
Event: 0.787 GC heap before
{Heap before GC invocations=2 (full 0):
 PSYoungGen      total 75264K, used 75238K [0x000000076c580000, 0x0000000775880000, 0x00000007c0000000)
  eden space 64512K, 100% used [0x000000076c580000,0x0000000770480000,0x0000000770480000)
  from space 10752K, 99% used [0x0000000770480000,0x0000000770ef9a10,0x0000000770f00000)
  to   space 10752K, 0% used [0x0000000774e00000,0x0000000774e00000,0x0000000775880000)
 ParOldGen       total 172032K, used 4514K [0x00000006c5000000, 0x00000006cf800000, 0x000000076c580000)
  object space 172032K, 2% used [0x00000006c5000000,0x00000006c5468a38,0x00000006cf800000)
 Metaspace       used 15030K, capacity 15178K, committed 15360K, reserved 1062912K
  class space    used 1900K, capacity 1951K, committed 2048K, reserved 1048576K
Event: 0.797 GC heap after
Heap after GC invocations=2 (full 0):
 PSYoungGen      total 139776K, used 10736K [0x000000076c580000, 0x0000000775880000, 0x00000007c0000000)
  eden space 129024K, 0% used [0x000000076c580000,0x000000076c580000,0x0000000774380000)
  from space 10752K, 99% used [0x0000000774e00000,0x000000077587c190,0x0000000775880000)
  to   space 10752K, 0% used [0x0000000774380000,0x0000000774380000,0x0000000774e00000)
 ParOldGen       total 172032K, used 18667K [0x00000006c5000000, 0x00000006cf800000, 0x000000076c580000)
  object space 172032K, 10% used [0x00000006c5000000,0x00000006c623ad78,0x00000006cf800000)
 Metaspace       used 15030K, capacity 15178K, committed 15360K, reserved 1062912K
  class space    used 1900K, capacity 1951K, committed 2048K, reserved 1048576K
}
Event: 1.415 GC heap before
{Heap before GC invocations=3 (full 0):
 PSYoungGen      total 139776K, used 78940K [0x000000076c580000, 0x0000000775880000, 0x00000007c0000000)
  eden space 129024K, 52% used [0x000000076c580000,0x000000077081b070,0x0000000774380000)
  from space 10752K, 99% used [0x0000000774e00000,0x000000077587c190,0x0000000775880000)
  to   space 10752K, 0% used [0x0000000774380000,0x0000000774380000,0x0000000774e00000)
 ParOldGen       total 172032K, used 18667K [0x00000006c5000000, 0x00000006cf800000, 0x000000076c580000)
  object space 172032K, 10% used [0x00000006c5000000,0x00000006c623ad78,0x00000006cf800000)
 Metaspace       used 20864K, capacity 21162K, committed 21504K, reserved 1069056K
  class space    used 2633K, capacity 2707K, committed 2816K, reserved 1048576K
Event: 1.422 GC heap after
Heap after GC invocations=3 (full 0):
 PSYoungGen      total 139776K, used 10729K [0x000000076c580000, 0x000000077d680000, 0x00000007c0000000)
  eden space 129024K, 0% used [0x000000076c580000,0x000000076c580000,0x0000000774380000)
  from space 10752K, 99% used [0x0000000774380000,0x0000000774dfa520,0x0000000774e00000)
  to   space 10752K, 0% used [0x000000077cc00000,0x000000077cc00000,0x000000077d680000)
 ParOldGen       total 172032K, used 25904K [0x00000006c5000000, 0x00000006cf800000, 0x000000076c580000)
  object space 172032K, 15% used [0x00000006c5000000,0x00000006c694c2e0,0x00000006cf800000)
 Metaspace       used 20864K, capacity 21162K, committed 21504K, reserved 1069056K
  class space    used 2633K, capacity 2707K, committed 2816K, reserved 1048576K
}
Event: 1.532 GC heap before
{Heap before GC invocations=4 (full 0):
 PSYoungGen      total 139776K, used 13728K [0x000000076c580000, 0x000000077d680000, 0x00000007c0000000)
  eden space 129024K, 2% used [0x000000076c580000,0x000000076c86ddf8,0x0000000774380000)
  from space 10752K, 99% used [0x0000000774380000,0x0000000774dfa520,0x0000000774e00000)
  to   space 10752K, 0% used [0x000000077cc00000,0x000000077cc00000,0x000000077d680000)
 ParOldGen       total 172032K, used 25904K [0x00000006c5000000, 0x00000006cf800000, 0x000000076c580000)
  object space 172032K, 15% used [0x00000006c5000000,0x00000006c694c2e0,0x00000006cf800000)
 Metaspace       used 21216K, capacity 21482K, committed 21628K, reserved 1069056K
  class space    used 2679K, capacity 2771K, committed 2816K, reserved 1048576K
Event: 1.537 GC heap after
Heap after GC invocations=4 (full 0):
 PSYoungGen      total 268800K, used 10728K [0x000000076c580000, 0x000000077d680000, 0x00000007c0000000)
  eden space 258048K, 0% used [0x000000076c580000,0x000000076c580000,0x000000077c180000)
  from space 10752K, 99% used [0x000000077cc00000,0x000000077d67a140,0x000000077d680000)
  to   space 10752K, 0% used [0x000000077c180000,0x000000077c180000,0x000000077cc00000)
 ParOldGen       total 172032K, used 26652K [0x00000006c5000000, 0x00000006cf800000, 0x000000076c580000)
  object space 172032K, 15% used [0x00000006c5000000,0x00000006c6a072d0,0x00000006cf800000)
 Metaspace       used 21216K, capacity 21482K, committed 21628K, reserved 1069056K
  class space    used 2679K, capacity 2771K, committed 2816K, reserved 1048576K
}
Event: 1.537 GC heap before
{Heap before GC invocations=5 (full 1):
 PSYoungGen      total 268800K, used 10728K [0x000000076c580000, 0x000000077d680000, 0x00000007c0000000)
  eden space 258048K, 0% used [0x000000076c580000,0x000000076c580000,0x000000077c180000)
  from space 10752K, 99% used [0x000000077cc00000,0x000000077d67a140,0x000000077d680000)
  to   space 10752K, 0% used [0x000000077c180000,0x000000077c180000,0x000000077cc00000)
 ParOldGen       total 172032K, used 26652K [0x00000006c5000000, 0x00000006cf800000, 0x000000076c580000)
  object space 172032K, 15% used [0x00000006c5000000,0x00000006c6a072d0,0x00000006cf800000)
 Metaspace       used 21216K, capacity 21482K, committed 21628K, reserved 1069056K
  class space    used 2679K, capacity 2771K, committed 2816K, reserved 1048576K
Event: 1.574 GC heap after
Heap after GC invocations=5 (full 1):
 PSYoungGen      total 268800K, used 0K [0x000000076c580000, 0x000000077d680000, 0x00000007c0000000)
  eden space 258048K, 0% used [0x000000076c580000,0x000000076c580000,0x000000077c180000)
  from space 10752K, 0% used [0x000000077cc00000,0x000000077cc00000,0x000000077d680000)
  to   space 10752K, 0% used [0x000000077c180000,0x000000077c180000,0x000000077cc00000)
 ParOldGen       total 134144K, used 21893K [0x00000006c5000000, 0x00000006cd300000, 0x000000076c580000)
  object space 134144K, 16% used [0x00000006c5000000,0x00000006c6561478,0x00000006cd300000)
 Metaspace       used 21216K, capacity 21482K, committed 21628K, reserved 1069056K
  class space    used 2679K, capacity 2771K, committed 2816K, reserved 1048576K
}

