# JRE version: OpenJDK Runtime Environment (8.0_302-b08) (build 1.8.0_302-b08)
# Java VM: OpenJDK 64-Bit Server VM (25.302-b08 mixed mode windows-amd64 compressed oops)
Heap:
 PSYoungGen      total 284672K, used 196309K [0x000000076c580000, 0x0000000780800000, 0x00000007c0000000)
  eden space 256512K, 75% used [0x000000076c580000,0x0000000778399f10,0x000000077c000000)
  from space 28160K, 5% used [0x000000077c000000,0x000000077c19b8a0,0x000000077db80000)
  to   space 27136K, 0% used [0x000000077ed80000,0x000000077ed80000,0x0000000780800000)
 ParOldGen       total 139776K, used 22098K [0x00000006c5000000, 0x00000006cd880000, 0x000000076c580000)
  object space 139776K, 15% used [0x00000006c5000000,0x00000006c6594a78,0x00000006cd880000)
 Metaspace       used 24401K, capacity 24857K, committed 25088K, reserved 1071104K
  class space    used 2878K, capacity 2997K, committed 3072K, reserved 1048576K
GC Heap History (10 events):
Event: 5.489 GC heap before
{Heap before GC invocations=6 (full 1):
 PSYoungGen      total 175616K, used 175414K [0x000000076c580000, 0x000000077cf00000, 0x00000007c0000000)
  eden space 172544K, 100% used [0x000000076c580000,0x0000000776e00000,0x0000000776e00000)
  from space 3072K, 93% used [0x000000077cc00000,0x000000077cecda28,0x000000077cf00000)
  to   space 10752K, 0% used [0x000000077ba00000,0x000000077ba00000,0x000000077c480000)
 ParOldGen       total 139776K, used 22058K [0x00000006c5000000, 0x00000006cd880000, 0x000000076c580000)
  object space 139776K, 15% used [0x00000006c5000000,0x00000006c658aa78,0x00000006cd880000)
 Metaspace       used 24191K, capacity 24553K, committed 24832K, reserved 1071104K
  class space    used 2864K, capacity 2989K, committed 3072K, reserved 1048576K
Event: 5.490 GC heap after
Heap after GC invocations=6 (full 1):
 PSYoungGen      total 222720K, used 1678K [0x000000076c580000, 0x000000077d700000, 0x00000007c0000000)
  eden space 220672K, 0% used [0x000000076c580000,0x000000076c580000,0x0000000779d00000)
  from space 2048K, 81% used [0x000000077ba00000,0x000000077bba38a0,0x000000077bc00000)
  to   space 27648K, 0% used [0x000000077bc00000,0x000000077bc00000,0x000000077d700000)
 ParOldGen       total 139776K, used 22066K [0x00000006c5000000, 0x00000006cd880000, 0x000000076c580000)
  object space 139776K, 15% used [0x00000006c5000000,0x00000006c658ca78,0x00000006cd880000)
 Metaspace       used 24191K, capacity 24553K, committed 24832K, reserved 1071104K
  class space    used 2864K, capacity 2989K, committed 3072K, reserved 1048576K
}
Event: 8.103 GC heap before
{Heap before GC invocations=7 (full 1):
 PSYoungGen      total 222720K, used 222350K [0x000000076c580000, 0x000000077d700000, 0x00000007c0000000)
  eden space 220672K, 100% used [0x000000076c580000,0x0000000779d00000,0x0000000779d00000)
  from space 2048K, 81% used [0x000000077ba00000,0x000000077bba38a0,0x000000077bc00000)
  to   space 27648K, 0% used [0x000000077bc00000,0x000000077bc00000,0x000000077d700000)
 ParOldGen       total 139776K, used 22066K [0x00000006c5000000, 0x00000006cd880000, 0x000000076c580000)
  object space 139776K, 15% used [0x00000006c5000000,0x00000006c658ca78,0x00000006cd880000)
 Metaspace       used 24286K, capacity 24763K, committed 25088K, reserved 1071104K
  class space    used 2867K, capacity 2992K, committed 3072K, reserved 1048576K
Event: 8.105 GC heap after
Heap after GC invocations=7 (full 1):
 PSYoungGen      total 250368K, used 1646K [0x000000076c580000, 0x0000000780880000, 0x00000007c0000000)
  eden space 222720K, 0% used [0x000000076c580000,0x000000076c580000,0x0000000779f00000)
  from space 27648K, 5% used [0x000000077bc00000,0x000000077bd9b8a0,0x000000077d700000)
  to   space 29696K, 0% used [0x0000000779f00000,0x0000000779f00000,0x000000077bc00000)
 ParOldGen       total 139776K, used 22074K [0x00000006c5000000, 0x00000006cd880000, 0x000000076c580000)
  object space 139776K, 15% used [0x00000006c5000000,0x00000006c658ea78,0x00000006cd880000)
 Metaspace       used 24286K, capacity 24763K, committed 25088K, reserved 1071104K
  class space    used 2867K, capacity 2992K, committed 3072K, reserved 1048576K
}
Event: 11.492 GC heap before
{Heap before GC invocations=8 (full 1):
 PSYoungGen      total 250368K, used 224366K [0x000000076c580000, 0x0000000780880000, 0x00000007c0000000)
  eden space 222720K, 100% used [0x000000076c580000,0x0000000779f00000,0x0000000779f00000)
  from space 27648K, 5% used [0x000000077bc00000,0x000000077bd9b8a0,0x000000077d700000)
  to   space 29696K, 0% used [0x0000000779f00000,0x0000000779f00000,0x000000077bc00000)
 ParOldGen       total 139776K, used 22074K [0x00000006c5000000, 0x00000006cd880000, 0x000000076c580000)
  object space 139776K, 15% used [0x00000006c5000000,0x00000006c658ea78,0x00000006cd880000)
 Metaspace       used 24335K, capacity 24775K, committed 25088K, reserved 1071104K
  class space    used 2868K, capacity 2994K, committed 3072K, reserved 1048576K
Event: 11.494 GC heap after
Heap after GC invocations=8 (full 1):
 PSYoungGen      total 252416K, used 1614K [0x000000076c580000, 0x000000077ff80000, 0x00000007c0000000)
  eden space 222720K, 0% used [0x000000076c580000,0x000000076c580000,0x0000000779f00000)
  from space 29696K, 5% used [0x0000000779f00000,0x000000077a0938a0,0x000000077bc00000)
  to   space 28672K, 0% used [0x000000077e380000,0x000000077e380000,0x000000077ff80000)
 ParOldGen       total 139776K, used 22082K [0x00000006c5000000, 0x00000006cd880000, 0x000000076c580000)
  object space 139776K, 15% used [0x00000006c5000000,0x00000006c6590a78,0x00000006cd880000)
 Metaspace       used 24335K, capacity 24775K, committed 25088K, reserved 1071104K
  class space    used 2868K, capacity 2994K, committed 3072K, reserved 1048576K
}
Event: 14.827 GC heap before
{Heap before GC invocations=9 (full 1):
 PSYoungGen      total 252416K, used 224334K [0x000000076c580000, 0x000000077ff80000, 0x00000007c0000000)
  eden space 222720K, 100% used [0x000000076c580000,0x0000000779f00000,0x0000000779f00000)
  from space 29696K, 5% used [0x0000000779f00000,0x000000077a0938a0,0x000000077bc00000)
  to   space 28672K, 0% used [0x000000077e380000,0x000000077e380000,0x000000077ff80000)
 ParOldGen       total 139776K, used 22082K [0x00000006c5000000, 0x00000006cd880000, 0x000000076c580000)
  object space 139776K, 15% used [0x00000006c5000000,0x00000006c6590a78,0x00000006cd880000)
 Metaspace       used 24340K, capacity 24781K, committed 25088K, reserved 1071104K
  class space    used 2869K, capacity 2995K, committed 3072K, reserved 1048576K
Event: 14.829 GC heap after
Heap after GC invocations=9 (full 1):
 PSYoungGen      total 276480K, used 1646K [0x000000076c580000, 0x000000077f700000, 0x00000007c0000000)
  eden space 256512K, 0% used [0x000000076c580000,0x000000076c580000,0x000000077c000000)
  from space 19968K, 8% used [0x000000077e380000,0x000000077e51b8a0,0x000000077f700000)
  to   space 28160K, 0% used [0x000000077c000000,0x000000077c000000,0x000000077db80000)
 ParOldGen       total 139776K, used 22090K [0x00000006c5000000, 0x00000006cd880000, 0x000000076c580000)
  object space 139776K, 15% used [0x00000006c5000000,0x00000006c6592a78,0x00000006cd880000)
 Metaspace       used 24340K, capacity 24781K, committed 25088K, reserved 1071104K
  class space    used 2869K, capacity 2995K, committed 3072K, reserved 1048576K
}
Event: 17.748 GC heap before
{Heap before GC invocations=10 (full 1):
 PSYoungGen      total 276480K, used 258158K [0x000000076c580000, 0x000000077f700000, 0x00000007c0000000)
  eden space 256512K, 100% used [0x000000076c580000,0x000000077c000000,0x000000077c000000)
  from space 19968K, 8% used [0x000000077e380000,0x000000077e51b8a0,0x000000077f700000)
  to   space 28160K, 0% used [0x000000077c000000,0x000000077c000000,0x000000077db80000)
 ParOldGen       total 139776K, used 22090K [0x00000006c5000000, 0x00000006cd880000, 0x000000076c580000)
  object space 139776K, 15% used [0x00000006c5000000,0x00000006c6592a78,0x00000006cd880000)
 Metaspace       used 24349K, capacity 24793K, committed 25088K, reserved 1071104K
  class space    used 2870K, capacity 2997K, committed 3072K, reserved 1048576K
Event: 17.751 GC heap after
Heap after GC invocations=10 (full 1):
 PSYoungGen      total 284672K, used 1646K [0x000000076c580000, 0x0000000780800000, 0x00000007c0000000)
  eden space 256512K, 0% used [0x000000076c580000,0x000000076c580000,0x000000077c000000)
  from space 28160K, 5% used [0x000000077c000000,0x000000077c19b8a0,0x000000077db80000)
  to   space 27136K, 0% used [0x000000077ed80000,0x000000077ed80000,0x0000000780800000)
 ParOldGen       total 139776K, used 22098K [0x00000006c5000000, 0x00000006cd880000, 0x000000076c580000)
  object space 139776K, 15% used [0x00000006c5000000,0x00000006c6594a78,0x00000006cd880000)
 Metaspace       used 24349K, capacity 24793K, committed 25088K, reserved 1071104K
  class space    used 2870K, capacity 2997K, committed 3072K, reserved 1048576K
}

