# JRE version: OpenJDK Runtime Environment (8.0_302-b08) (build 1.8.0_302-b08)
# Java VM: OpenJDK 64-Bit Server VM (25.302-b08 mixed mode windows-amd64 compressed oops)
Heap:
 PSYoungGen      total 139776K, used 5573K [0x000000076c580000, 0x000000077d680000, 0x00000007c0000000)
  eden space 129024K, 4% used [0x000000076c580000,0x000000076caf1490,0x0000000774380000)
  from space 10752K, 0% used [0x0000000774380000,0x0000000774380000,0x0000000774e00000)
  to   space 10752K, 0% used [0x000000077cc00000,0x000000077cc00000,0x000000077d680000)
 ParOldGen       total 142848K, used 21538K [0x00000006c5000000, 0x00000006cdb80000, 0x000000076c580000)
  object space 142848K, 15% used [0x00000006c5000000,0x00000006c6508af0,0x00000006cdb80000)
 Metaspace       used 21286K, capacity 21610K, committed 21760K, reserved 1069056K
  class space    used 2696K, capacity 2771K, committed 2816K, reserved 1048576K
GC Heap History (8 events):
Event: 0.466 GC heap before
{Heap before GC invocations=1 (full 0):
 PSYoungGen      total 75264K, used 64512K [0x000000076c580000, 0x0000000771980000, 0x00000007c0000000)
  eden space 64512K, 100% used [0x000000076c580000,0x0000000770480000,0x0000000770480000)
  from space 10752K, 0% used [0x0000000770f00000,0x0000000770f00000,0x0000000771980000)
  to   space 10752K, 0% used [0x0000000770480000,0x0000000770480000,0x0000000770f00000)
 ParOldGen       total 172032K, used 0K [0x00000006c5000000, 0x00000006cf800000, 0x000000076c580000)
  object space 172032K, 0% used [0x00000006c5000000,0x00000006c5000000,0x00000006cf800000)
 Metaspace       used 8544K, capacity 8616K, committed 8832K, reserved 1056768K
  class space    used 1023K, capacity 1076K, committed 1152K, reserved 1048576K
Event: 0.472 GC heap after
Heap after GC invocations=1 (full 0):
 PSYoungGen      total 75264K, used 10742K [0x000000076c580000, 0x0000000775880000, 0x00000007c0000000)
  eden space 64512K, 0% used [0x000000076c580000,0x000000076c580000,0x0000000770480000)
  from space 10752K, 99% used [0x0000000770480000,0x0000000770efda00,0x0000000770f00000)
  to   space 10752K, 0% used [0x0000000774e00000,0x0000000774e00000,0x0000000775880000)
 ParOldGen       total 172032K, used 4543K [0x00000006c5000000, 0x00000006cf800000, 0x000000076c580000)
  object space 172032K, 2% used [0x00000006c5000000,0x00000006c546fe48,0x00000006cf800000)
 Metaspace       used 8544K, capacity 8616K, committed 8832K, reserved 1056768K
  class space    used 1023K, capacity 1076K, committed 1152K, reserved 1048576K
}
Event: 0.896 GC heap before
{Heap before GC invocations=2 (full 0):
 PSYoungGen      total 75264K, used 75254K [0x000000076c580000, 0x0000000775880000, 0x00000007c0000000)
  eden space 64512K, 100% used [0x000000076c580000,0x0000000770480000,0x0000000770480000)
  from space 10752K, 99% used [0x0000000770480000,0x0000000770efda00,0x0000000770f00000)
  to   space 10752K, 0% used [0x0000000774e00000,0x0000000774e00000,0x0000000775880000)
 ParOldGen       total 172032K, used 4543K [0x00000006c5000000, 0x00000006cf800000, 0x000000076c580000)
  object space 172032K, 2% used [0x00000006c5000000,0x00000006c546fe48,0x00000006cf800000)
 Metaspace       used 15026K, capacity 15178K, committed 15360K, reserved 1062912K
  class space    used 1900K, capacity 1951K, committed 2048K, reserved 1048576K
Event: 0.905 GC heap after
Heap after GC invocations=2 (full 0):
 PSYoungGen      total 139776K, used 10736K [0x000000076c580000, 0x0000000775880000, 0x00000007c0000000)
  eden space 129024K, 0% used [0x000000076c580000,0x000000076c580000,0x0000000774380000)
  from space 10752K, 99% used [0x0000000774e00000,0x000000077587c190,0x0000000775880000)
  to   space 10752K, 0% used [0x0000000774380000,0x0000000774380000,0x0000000774e00000)
 ParOldGen       total 172032K, used 18593K [0x00000006c5000000, 0x00000006cf800000, 0x000000076c580000)
  object space 172032K, 10% used [0x00000006c5000000,0x00000006c62286c0,0x00000006cf800000)
 Metaspace       used 15026K, capacity 15178K, committed 15360K, reserved 1062912K
  class space    used 1900K, capacity 1951K, committed 2048K, reserved 1048576K
}
Event: 1.527 GC heap before
{Heap before GC invocations=3 (full 0):
 PSYoungGen      total 139776K, used 78022K [0x000000076c580000, 0x0000000775880000, 0x00000007c0000000)
  eden space 129024K, 52% used [0x000000076c580000,0x0000000770735a10,0x0000000774380000)
  from space 10752K, 99% used [0x0000000774e00000,0x000000077587c190,0x0000000775880000)
  to   space 10752K, 0% used [0x0000000774380000,0x0000000774380000,0x0000000774e00000)
 ParOldGen       total 172032K, used 18593K [0x00000006c5000000, 0x00000006cf800000, 0x000000076c580000)
  object space 172032K, 10% used [0x00000006c5000000,0x00000006c62286c0,0x00000006cf800000)
 Metaspace       used 20841K, capacity 21098K, committed 21248K, reserved 1067008K
  class space    used 2635K, capacity 2707K, committed 2816K, reserved 1048576K
Event: 1.537 GC heap after
Heap after GC invocations=3 (full 0):
 PSYoungGen      total 139776K, used 10738K [0x000000076c580000, 0x000000077d680000, 0x00000007c0000000)
  eden space 129024K, 0% used [0x000000076c580000,0x000000076c580000,0x0000000774380000)
  from space 10752K, 99% used [0x0000000774380000,0x0000000774dfc970,0x0000000774e00000)
  to   space 10752K, 0% used [0x000000077cc00000,0x000000077cc00000,0x000000077d680000)
 ParOldGen       total 172032K, used 25009K [0x00000006c5000000, 0x00000006cf800000, 0x000000076c580000)
  object space 172032K, 14% used [0x00000006c5000000,0x00000006c686c400,0x00000006cf800000)
 Metaspace       used 20841K, capacity 21098K, committed 21248K, reserved 1067008K
  class space    used 2635K, capacity 2707K, committed 2816K, reserved 1048576K
}
Event: 1.537 GC heap before
{Heap before GC invocations=4 (full 1):
 PSYoungGen      total 139776K, used 10738K [0x000000076c580000, 0x000000077d680000, 0x00000007c0000000)
  eden space 129024K, 0% used [0x000000076c580000,0x000000076c580000,0x0000000774380000)
  from space 10752K, 99% used [0x0000000774380000,0x0000000774dfc970,0x0000000774e00000)
  to   space 10752K, 0% used [0x000000077cc00000,0x000000077cc00000,0x000000077d680000)
 ParOldGen       total 172032K, used 25009K [0x00000006c5000000, 0x00000006cf800000, 0x000000076c580000)
  object space 172032K, 14% used [0x00000006c5000000,0x00000006c686c400,0x00000006cf800000)
 Metaspace       used 20841K, capacity 21098K, committed 21248K, reserved 1067008K
  class space    used 2635K, capacity 2707K, committed 2816K, reserved 1048576K
Event: 1.580 GC heap after
Heap after GC invocations=4 (full 1):
 PSYoungGen      total 139776K, used 0K [0x000000076c580000, 0x000000077d680000, 0x00000007c0000000)
  eden space 129024K, 0% used [0x000000076c580000,0x000000076c580000,0x0000000774380000)
  from space 10752K, 0% used [0x0000000774380000,0x0000000774380000,0x0000000774e00000)
  to   space 10752K, 0% used [0x000000077cc00000,0x000000077cc00000,0x000000077d680000)
 ParOldGen       total 142848K, used 21538K [0x00000006c5000000, 0x00000006cdb80000, 0x000000076c580000)
  object space 142848K, 15% used [0x00000006c5000000,0x00000006c6508af0,0x00000006cdb80000)
 Metaspace       used 20841K, capacity 21098K, committed 21248K, reserved 1067008K
  class space    used 2635K, capacity 2707K, committed 2816K, reserved 1048576K
}

