# JRE version: OpenJDK Runtime Environment (8.0_302-b08) (build 1.8.0_302-b08)
# Java VM: OpenJDK 64-Bit Server VM (25.302-b08 mixed mode windows-amd64 compressed oops)
Heap:
 PSYoungGen      total 251392K, used 117633K [0x000000076c580000, 0x0000000780a00000, 0x00000007c0000000)
  eden space 222208K, 52% used [0x000000076c580000,0x00000007736ccde0,0x0000000779e80000)
  from space 29184K, 5% used [0x000000077bc00000,0x000000077bd938a0,0x000000077d880000)
  to   space 30208K, 0% used [0x0000000779e80000,0x0000000779e80000,0x000000077bc00000)
 ParOldGen       total 141312K, used 22050K [0x00000006c5000000, 0x00000006cda00000, 0x000000076c580000)
  object space 141312K, 15% used [0x00000006c5000000,0x00000006c6588920,0x00000006cda00000)
 Metaspace       used 24346K, capacity 24775K, committed 25088K, reserved 1071104K
  class space    used 2877K, capacity 2994K, committed 3072K, reserved 1048576K
GC Heap History (10 events):
Event: 1.406 GC heap before
{Heap before GC invocations=3 (full 0):
 PSYoungGen      total 139776K, used 80809K [0x000000076c580000, 0x0000000775880000, 0x00000007c0000000)
  eden space 129024K, 54% used [0x000000076c580000,0x00000007709ee2b8,0x0000000774380000)
  from space 10752K, 99% used [0x0000000774e00000,0x000000077587c190,0x0000000775880000)
  to   space 10752K, 0% used [0x0000000774380000,0x0000000774380000,0x0000000774e00000)
 ParOldGen       total 172032K, used 18534K [0x00000006c5000000, 0x00000006cf800000, 0x000000076c580000)
  object space 172032K, 10% used [0x00000006c5000000,0x00000006c6219b78,0x00000006cf800000)
 Metaspace       used 20870K, capacity 21122K, committed 21248K, reserved 1067008K
  class space    used 2633K, capacity 2711K, committed 2816K, reserved 1048576K
Event: 1.415 GC heap after
Heap after GC invocations=3 (full 0):
 PSYoungGen      total 139776K, used 10732K [0x000000076c580000, 0x000000077d680000, 0x00000007c0000000)
  eden space 129024K, 0% used [0x000000076c580000,0x000000076c580000,0x0000000774380000)
  from space 10752K, 99% used [0x0000000774380000,0x0000000774dfb3e0,0x0000000774e00000)
  to   space 10752K, 0% used [0x000000077cc00000,0x000000077cc00000,0x000000077d680000)
 ParOldGen       total 172032K, used 24879K [0x00000006c5000000, 0x00000006cf800000, 0x000000076c580000)
  object space 172032K, 14% used [0x00000006c5000000,0x00000006c684bd90,0x00000006cf800000)
 Metaspace       used 20870K, capacity 21122K, committed 21248K, reserved 1067008K
  class space    used 2633K, capacity 2711K, committed 2816K, reserved 1048576K
}
Event: 1.415 GC heap before
{Heap before GC invocations=4 (full 1):
 PSYoungGen      total 139776K, used 10732K [0x000000076c580000, 0x000000077d680000, 0x00000007c0000000)
  eden space 129024K, 0% used [0x000000076c580000,0x000000076c580000,0x0000000774380000)
  from space 10752K, 99% used [0x0000000774380000,0x0000000774dfb3e0,0x0000000774e00000)
  to   space 10752K, 0% used [0x000000077cc00000,0x000000077cc00000,0x000000077d680000)
 ParOldGen       total 172032K, used 24879K [0x00000006c5000000, 0x00000006cf800000, 0x000000076c580000)
  object space 172032K, 14% used [0x00000006c5000000,0x00000006c684bd90,0x00000006cf800000)
 Metaspace       used 20870K, capacity 21122K, committed 21248K, reserved 1067008K
  class space    used 2633K, capacity 2711K, committed 2816K, reserved 1048576K
Event: 1.452 GC heap after
Heap after GC invocations=4 (full 1):
 PSYoungGen      total 139776K, used 0K [0x000000076c580000, 0x000000077d680000, 0x00000007c0000000)
  eden space 129024K, 0% used [0x000000076c580000,0x000000076c580000,0x0000000774380000)
  from space 10752K, 0% used [0x0000000774380000,0x0000000774380000,0x0000000774e00000)
  to   space 10752K, 0% used [0x000000077cc00000,0x000000077cc00000,0x000000077d680000)
 ParOldGen       total 141312K, used 22026K [0x00000006c5000000, 0x00000006cda00000, 0x000000076c580000)
  object space 141312K, 15% used [0x00000006c5000000,0x00000006c6582920,0x00000006cda00000)
 Metaspace       used 20870K, capacity 21122K, committed 21248K, reserved 1067008K
  class space    used 2633K, capacity 2711K, committed 2816K, reserved 1048576K
}
Event: 3.207 GC heap before
{Heap before GC invocations=5 (full 1):
 PSYoungGen      total 139776K, used 129024K [0x000000076c580000, 0x000000077d680000, 0x00000007c0000000)
  eden space 129024K, 100% used [0x000000076c580000,0x0000000774380000,0x0000000774380000)
  from space 10752K, 0% used [0x0000000774380000,0x0000000774380000,0x0000000774e00000)
  to   space 10752K, 0% used [0x000000077cc00000,0x000000077cc00000,0x000000077d680000)
 ParOldGen       total 141312K, used 22026K [0x00000006c5000000, 0x00000006cda00000, 0x000000076c580000)
  object space 141312K, 15% used [0x00000006c5000000,0x00000006c6582920,0x00000006cda00000)
 Metaspace       used 23894K, capacity 24235K, committed 24576K, reserved 1071104K
  class space    used 2849K, capacity 2968K, committed 3072K, reserved 1048576K
Event: 3.211 GC heap after
Heap after GC invocations=5 (full 1):
 PSYoungGen      total 175616K, used 2916K [0x000000076c580000, 0x000000077cf00000, 0x00000007c0000000)
  eden space 172544K, 0% used [0x000000076c580000,0x000000076c580000,0x0000000776e00000)
  from space 3072K, 94% used [0x000000077cc00000,0x000000077ced9210,0x000000077cf00000)
  to   space 10752K, 0% used [0x000000077ba00000,0x000000077ba00000,0x000000077c480000)
 ParOldGen       total 141312K, used 22034K [0x00000006c5000000, 0x00000006cda00000, 0x000000076c580000)
  object space 141312K, 15% used [0x00000006c5000000,0x00000006c6584920,0x00000006cda00000)
 Metaspace       used 23894K, capacity 24235K, committed 24576K, reserved 1071104K
  class space    used 2849K, capacity 2968K, committed 3072K, reserved 1048576K
}
Event: 4.843 GC heap before
{Heap before GC invocations=6 (full 1):
 PSYoungGen      total 175616K, used 175460K [0x000000076c580000, 0x000000077cf00000, 0x00000007c0000000)
  eden space 172544K, 100% used [0x000000076c580000,0x0000000776e00000,0x0000000776e00000)
  from space 3072K, 94% used [0x000000077cc00000,0x000000077ced9210,0x000000077cf00000)
  to   space 10752K, 0% used [0x000000077ba00000,0x000000077ba00000,0x000000077c480000)
 ParOldGen       total 141312K, used 22034K [0x00000006c5000000, 0x00000006cda00000, 0x000000076c580000)
  object space 141312K, 15% used [0x00000006c5000000,0x00000006c6584920,0x00000006cda00000)
 Metaspace       used 24182K, capacity 24553K, committed 24832K, reserved 1071104K
  class space    used 2865K, capacity 2989K, committed 3072K, reserved 1048576K
Event: 4.845 GC heap after
Heap after GC invocations=6 (full 1):
 PSYoungGen      total 223232K, used 1614K [0x000000076c580000, 0x000000077d880000, 0x00000007c0000000)
  eden space 221184K, 0% used [0x000000076c580000,0x000000076c580000,0x0000000779d80000)
  from space 2048K, 78% used [0x000000077ba00000,0x000000077bb938a0,0x000000077bc00000)
  to   space 29184K, 0% used [0x000000077bc00000,0x000000077bc00000,0x000000077d880000)
 ParOldGen       total 141312K, used 22042K [0x00000006c5000000, 0x00000006cda00000, 0x000000076c580000)
  object space 141312K, 15% used [0x00000006c5000000,0x00000006c6586920,0x00000006cda00000)
 Metaspace       used 24182K, capacity 24553K, committed 24832K, reserved 1071104K
  class space    used 2865K, capacity 2989K, committed 3072K, reserved 1048576K
}
Event: 7.543 GC heap before
{Heap before GC invocations=7 (full 1):
 PSYoungGen      total 223232K, used 222798K [0x000000076c580000, 0x000000077d880000, 0x00000007c0000000)
  eden space 221184K, 100% used [0x000000076c580000,0x0000000779d80000,0x0000000779d80000)
  from space 2048K, 78% used [0x000000077ba00000,0x000000077bb938a0,0x000000077bc00000)
  to   space 29184K, 0% used [0x000000077bc00000,0x000000077bc00000,0x000000077d880000)
 ParOldGen       total 141312K, used 22042K [0x00000006c5000000, 0x00000006cda00000, 0x000000076c580000)
  object space 141312K, 15% used [0x00000006c5000000,0x00000006c6586920,0x00000006cda00000)
 Metaspace       used 24272K, capacity 24699K, committed 24832K, reserved 1071104K
  class space    used 2868K, capacity 2992K, committed 3072K, reserved 1048576K
Event: 7.544 GC heap after
Heap after GC invocations=7 (full 1):
 PSYoungGen      total 251392K, used 1614K [0x000000076c580000, 0x0000000780a00000, 0x00000007c0000000)
  eden space 222208K, 0% used [0x000000076c580000,0x000000076c580000,0x0000000779e80000)
  from space 29184K, 5% used [0x000000077bc00000,0x000000077bd938a0,0x000000077d880000)
  to   space 30208K, 0% used [0x0000000779e80000,0x0000000779e80000,0x000000077bc00000)
 ParOldGen       total 141312K, used 22050K [0x00000006c5000000, 0x00000006cda00000, 0x000000076c580000)
  object space 141312K, 15% used [0x00000006c5000000,0x00000006c6588920,0x00000006cda00000)
 Metaspace       used 24272K, capacity 24699K, committed 24832K, reserved 1071104K
  class space    used 2868K, capacity 2992K, committed 3072K, reserved 1048576K
}

