# JRE version: OpenJDK Runtime Environment (8.0_302-b08) (build 1.8.0_302-b08)
# Java VM: OpenJDK 64-Bit Server VM (25.302-b08 mixed mode windows-amd64 compressed oops)
Heap:
 PSYoungGen      total 241152K, used 131315K [0x000000076c580000, 0x000000077f900000, 0x00000007c0000000)
  eden space 222208K, 58% used [0x000000076c580000,0x0000000774421708,0x0000000779e80000)
  from space 18944K, 8% used [0x000000077bc00000,0x000000077bd9b8a0,0x000000077ce80000)
  to   space 30208K, 0% used [0x0000000779e80000,0x0000000779e80000,0x000000077bc00000)
 ParOldGen       total 142848K, used 22066K [0x00000006c5000000, 0x00000006cdb80000, 0x000000076c580000)
  object space 142848K, 15% used [0x00000006c5000000,0x00000006c658ca98,0x00000006cdb80000)
 Metaspace       used 24374K, capacity 24775K, committed 25088K, reserved 1071104K
  class space    used 2876K, capacity 2994K, committed 3072K, reserved 1048576K
GC Heap History (10 events):
Event: 1.425 GC heap before
{Heap before GC invocations=3 (full 0):
 PSYoungGen      total 139776K, used 79366K [0x000000076c580000, 0x0000000775880000, 0x00000007c0000000)
  eden space 129024K, 53% used [0x000000076c580000,0x0000000770889828,0x0000000774380000)
  from space 10752K, 99% used [0x0000000774e00000,0x0000000775878180,0x0000000775880000)
  to   space 10752K, 0% used [0x0000000774380000,0x0000000774380000,0x0000000774e00000)
 ParOldGen       total 172032K, used 18649K [0x00000006c5000000, 0x00000006cf800000, 0x000000076c580000)
  object space 172032K, 10% used [0x00000006c5000000,0x00000006c6236678,0x00000006cf800000)
 Metaspace       used 20869K, capacity 21122K, committed 21248K, reserved 1067008K
  class space    used 2633K, capacity 2711K, committed 2816K, reserved 1048576K
Event: 1.435 GC heap after
Heap after GC invocations=3 (full 0):
 PSYoungGen      total 139776K, used 10748K [0x000000076c580000, 0x000000077d680000, 0x00000007c0000000)
  eden space 129024K, 0% used [0x000000076c580000,0x000000076c580000,0x0000000774380000)
  from space 10752K, 99% used [0x0000000774380000,0x0000000774dff3f0,0x0000000774e00000)
  to   space 10752K, 0% used [0x000000077cc00000,0x000000077cc00000,0x000000077d680000)
 ParOldGen       total 172032K, used 24928K [0x00000006c5000000, 0x00000006cf800000, 0x000000076c580000)
  object space 172032K, 14% used [0x00000006c5000000,0x00000006c68583d8,0x00000006cf800000)
 Metaspace       used 20869K, capacity 21122K, committed 21248K, reserved 1067008K
  class space    used 2633K, capacity 2711K, committed 2816K, reserved 1048576K
}
Event: 1.435 GC heap before
{Heap before GC invocations=4 (full 1):
 PSYoungGen      total 139776K, used 10748K [0x000000076c580000, 0x000000077d680000, 0x00000007c0000000)
  eden space 129024K, 0% used [0x000000076c580000,0x000000076c580000,0x0000000774380000)
  from space 10752K, 99% used [0x0000000774380000,0x0000000774dff3f0,0x0000000774e00000)
  to   space 10752K, 0% used [0x000000077cc00000,0x000000077cc00000,0x000000077d680000)
 ParOldGen       total 172032K, used 24928K [0x00000006c5000000, 0x00000006cf800000, 0x000000076c580000)
  object space 172032K, 14% used [0x00000006c5000000,0x00000006c68583d8,0x00000006cf800000)
 Metaspace       used 20869K, capacity 21122K, committed 21248K, reserved 1067008K
  class space    used 2633K, capacity 2711K, committed 2816K, reserved 1048576K
Event: 1.478 GC heap after
Heap after GC invocations=4 (full 1):
 PSYoungGen      total 139776K, used 0K [0x000000076c580000, 0x000000077d680000, 0x00000007c0000000)
  eden space 129024K, 0% used [0x000000076c580000,0x000000076c580000,0x0000000774380000)
  from space 10752K, 0% used [0x0000000774380000,0x0000000774380000,0x0000000774e00000)
  to   space 10752K, 0% used [0x000000077cc00000,0x000000077cc00000,0x000000077d680000)
 ParOldGen       total 142848K, used 22042K [0x00000006c5000000, 0x00000006cdb80000, 0x000000076c580000)
  object space 142848K, 15% used [0x00000006c5000000,0x00000006c6586a98,0x00000006cdb80000)
 Metaspace       used 20869K, capacity 21122K, committed 21248K, reserved 1067008K
  class space    used 2633K, capacity 2711K, committed 2816K, reserved 1048576K
}
Event: 9.006 GC heap before
{Heap before GC invocations=5 (full 1):
 PSYoungGen      total 139776K, used 129024K [0x000000076c580000, 0x000000077d680000, 0x00000007c0000000)
  eden space 129024K, 100% used [0x000000076c580000,0x0000000774380000,0x0000000774380000)
  from space 10752K, 0% used [0x0000000774380000,0x0000000774380000,0x0000000774e00000)
  to   space 10752K, 0% used [0x000000077cc00000,0x000000077cc00000,0x000000077d680000)
 ParOldGen       total 142848K, used 22042K [0x00000006c5000000, 0x00000006cdb80000, 0x000000076c580000)
  object space 142848K, 15% used [0x00000006c5000000,0x00000006c6586a98,0x00000006cdb80000)
 Metaspace       used 23923K, capacity 24267K, committed 24448K, reserved 1071104K
  class space    used 2844K, capacity 2936K, committed 2944K, reserved 1048576K
Event: 9.008 GC heap after
Heap after GC invocations=5 (full 1):
 PSYoungGen      total 171520K, used 2845K [0x000000076c580000, 0x000000077cf00000, 0x00000007c0000000)
  eden space 168448K, 0% used [0x000000076c580000,0x000000076c580000,0x0000000776a00000)
  from space 3072K, 92% used [0x000000077cc00000,0x000000077cec74f0,0x000000077cf00000)
  to   space 10752K, 0% used [0x000000077ba00000,0x000000077ba00000,0x000000077c480000)
 ParOldGen       total 142848K, used 22050K [0x00000006c5000000, 0x00000006cdb80000, 0x000000076c580000)
  object space 142848K, 15% used [0x00000006c5000000,0x00000006c6588a98,0x00000006cdb80000)
 Metaspace       used 23923K, capacity 24267K, committed 24448K, reserved 1071104K
  class space    used 2844K, capacity 2936K, committed 2944K, reserved 1048576K
}
Event: 10.530 GC heap before
{Heap before GC invocations=6 (full 1):
 PSYoungGen      total 171520K, used 171293K [0x000000076c580000, 0x000000077cf00000, 0x00000007c0000000)
  eden space 168448K, 100% used [0x000000076c580000,0x0000000776a00000,0x0000000776a00000)
  from space 3072K, 92% used [0x000000077cc00000,0x000000077cec74f0,0x000000077cf00000)
  to   space 10752K, 0% used [0x000000077ba00000,0x000000077ba00000,0x000000077c480000)
 ParOldGen       total 142848K, used 22050K [0x00000006c5000000, 0x00000006cdb80000, 0x000000076c580000)
  object space 142848K, 15% used [0x00000006c5000000,0x00000006c6588a98,0x00000006cdb80000)
 Metaspace       used 24207K, capacity 24611K, committed 24832K, reserved 1071104K
  class space    used 2864K, capacity 2988K, committed 3072K, reserved 1048576K
Event: 10.531 GC heap after
Heap after GC invocations=6 (full 1):
 PSYoungGen      total 212992K, used 1678K [0x000000076c580000, 0x000000077ce80000, 0x00000007c0000000)
  eden space 210944K, 0% used [0x000000076c580000,0x000000076c580000,0x0000000779380000)
  from space 2048K, 81% used [0x000000077ba00000,0x000000077bba38a0,0x000000077bc00000)
  to   space 18944K, 0% used [0x000000077bc00000,0x000000077bc00000,0x000000077ce80000)
 ParOldGen       total 142848K, used 22058K [0x00000006c5000000, 0x00000006cdb80000, 0x000000076c580000)
  object space 142848K, 15% used [0x00000006c5000000,0x00000006c658aa98,0x00000006cdb80000)
 Metaspace       used 24207K, capacity 24611K, committed 24832K, reserved 1071104K
  class space    used 2864K, capacity 2988K, committed 3072K, reserved 1048576K
}
Event: 12.826 GC heap before
{Heap before GC invocations=7 (full 1):
 PSYoungGen      total 212992K, used 212622K [0x000000076c580000, 0x000000077ce80000, 0x00000007c0000000)
  eden space 210944K, 100% used [0x000000076c580000,0x0000000779380000,0x0000000779380000)
  from space 2048K, 81% used [0x000000077ba00000,0x000000077bba38a0,0x000000077bc00000)
  to   space 18944K, 0% used [0x000000077bc00000,0x000000077bc00000,0x000000077ce80000)
 ParOldGen       total 142848K, used 22058K [0x00000006c5000000, 0x00000006cdb80000, 0x000000076c580000)
  object space 142848K, 15% used [0x00000006c5000000,0x00000006c658aa98,0x00000006cdb80000)
 Metaspace       used 24312K, capacity 24763K, committed 25088K, reserved 1071104K
  class space    used 2867K, capacity 2992K, committed 3072K, reserved 1048576K
Event: 12.828 GC heap after
Heap after GC invocations=7 (full 1):
 PSYoungGen      total 241152K, used 1646K [0x000000076c580000, 0x000000077f900000, 0x00000007c0000000)
  eden space 222208K, 0% used [0x000000076c580000,0x000000076c580000,0x0000000779e80000)
  from space 18944K, 8% used [0x000000077bc00000,0x000000077bd9b8a0,0x000000077ce80000)
  to   space 30208K, 0% used [0x0000000779e80000,0x0000000779e80000,0x000000077bc00000)
 ParOldGen       total 142848K, used 22066K [0x00000006c5000000, 0x00000006cdb80000, 0x000000076c580000)
  object space 142848K, 15% used [0x00000006c5000000,0x00000006c658ca98,0x00000006cdb80000)
 Metaspace       used 24312K, capacity 24763K, committed 25088K, reserved 1071104K
  class space    used 2867K, capacity 2992K, committed 3072K, reserved 1048576K
}

