# JRE version: OpenJDK Runtime Environment (8.0_302-b08) (build 1.8.0_302-b08)
# Java VM: OpenJDK 64-Bit Server VM (25.302-b08 mixed mode windows-amd64 compressed oops)
Heap:
 PSYoungGen      total 255488K, used 158579K [0x000000076c580000, 0x0000000781100000, 0x00000007c0000000)
  eden space 226304K, 69% used [0x000000076c580000,0x0000000775ec9448,0x000000077a280000)
  from space 29184K, 5% used [0x000000077bf00000,0x000000077c0938a0,0x000000077db80000)
  to   space 29184K, 0% used [0x000000077a280000,0x000000077a280000,0x000000077bf00000)
 ParOldGen       total 138240K, used 22058K [0x00000006c5000000, 0x00000006cd700000, 0x000000076c580000)
  object space 138240K, 15% used [0x00000006c5000000,0x00000006c658aaf0,0x00000006cd700000)
 Metaspace       used 24343K, capacity 24781K, committed 25088K, reserved 1071104K
  class space    used 2878K, capacity 2995K, committed 3072K, reserved 1048576K
GC Heap History (10 events):
Event: 1.366 GC heap before
{Heap before GC invocations=3 (full 0):
 PSYoungGen      total 139776K, used 80300K [0x000000076c580000, 0x0000000775880000, 0x00000007c0000000)
  eden space 129024K, 53% used [0x000000076c580000,0x000000077096ea48,0x0000000774380000)
  from space 10752K, 99% used [0x0000000774e00000,0x000000077587c970,0x0000000775880000)
  to   space 10752K, 0% used [0x0000000774380000,0x0000000774380000,0x0000000774e00000)
 ParOldGen       total 172032K, used 17261K [0x00000006c5000000, 0x00000006cf800000, 0x000000076c580000)
  object space 172032K, 10% used [0x00000006c5000000,0x00000006c60db548,0x00000006cf800000)
 Metaspace       used 20863K, capacity 21122K, committed 21248K, reserved 1067008K
  class space    used 2632K, capacity 2711K, committed 2816K, reserved 1048576K
Event: 1.377 GC heap after
Heap after GC invocations=3 (full 0):
 PSYoungGen      total 139776K, used 10732K [0x000000076c580000, 0x000000077d680000, 0x00000007c0000000)
  eden space 129024K, 0% used [0x000000076c580000,0x000000076c580000,0x0000000774380000)
  from space 10752K, 99% used [0x0000000774380000,0x0000000774dfb3e0,0x0000000774e00000)
  to   space 10752K, 0% used [0x000000077cc00000,0x000000077cc00000,0x000000077d680000)
 ParOldGen       total 172032K, used 24796K [0x00000006c5000000, 0x00000006cf800000, 0x000000076c580000)
  object space 172032K, 14% used [0x00000006c5000000,0x00000006c6837108,0x00000006cf800000)
 Metaspace       used 20863K, capacity 21122K, committed 21248K, reserved 1067008K
  class space    used 2632K, capacity 2711K, committed 2816K, reserved 1048576K
}
Event: 1.377 GC heap before
{Heap before GC invocations=4 (full 1):
 PSYoungGen      total 139776K, used 10732K [0x000000076c580000, 0x000000077d680000, 0x00000007c0000000)
  eden space 129024K, 0% used [0x000000076c580000,0x000000076c580000,0x0000000774380000)
  from space 10752K, 99% used [0x0000000774380000,0x0000000774dfb3e0,0x0000000774e00000)
  to   space 10752K, 0% used [0x000000077cc00000,0x000000077cc00000,0x000000077d680000)
 ParOldGen       total 172032K, used 24796K [0x00000006c5000000, 0x00000006cf800000, 0x000000076c580000)
  object space 172032K, 14% used [0x00000006c5000000,0x00000006c6837108,0x00000006cf800000)
 Metaspace       used 20863K, capacity 21122K, committed 21248K, reserved 1067008K
  class space    used 2632K, capacity 2711K, committed 2816K, reserved 1048576K
Event: 1.415 GC heap after
Heap after GC invocations=4 (full 1):
 PSYoungGen      total 139776K, used 0K [0x000000076c580000, 0x000000077d680000, 0x00000007c0000000)
  eden space 129024K, 0% used [0x000000076c580000,0x000000076c580000,0x0000000774380000)
  from space 10752K, 0% used [0x0000000774380000,0x0000000774380000,0x0000000774e00000)
  to   space 10752K, 0% used [0x000000077cc00000,0x000000077cc00000,0x000000077d680000)
 ParOldGen       total 138240K, used 22034K [0x00000006c5000000, 0x00000006cd700000, 0x000000076c580000)
  object space 138240K, 15% used [0x00000006c5000000,0x00000006c6584af0,0x00000006cd700000)
 Metaspace       used 20863K, capacity 21122K, committed 21248K, reserved 1067008K
  class space    used 2632K, capacity 2711K, committed 2816K, reserved 1048576K
}
Event: 3.257 GC heap before
{Heap before GC invocations=5 (full 1):
 PSYoungGen      total 139776K, used 129024K [0x000000076c580000, 0x000000077d680000, 0x00000007c0000000)
  eden space 129024K, 100% used [0x000000076c580000,0x0000000774380000,0x0000000774380000)
  from space 10752K, 0% used [0x0000000774380000,0x0000000774380000,0x0000000774e00000)
  to   space 10752K, 0% used [0x000000077cc00000,0x000000077cc00000,0x000000077d680000)
 ParOldGen       total 138240K, used 22034K [0x00000006c5000000, 0x00000006cd700000, 0x000000076c580000)
  object space 138240K, 15% used [0x00000006c5000000,0x00000006c6584af0,0x00000006cd700000)
 Metaspace       used 23888K, capacity 24235K, committed 24576K, reserved 1071104K
  class space    used 2849K, capacity 2968K, committed 3072K, reserved 1048576K
Event: 3.259 GC heap after
Heap after GC invocations=5 (full 1):
 PSYoungGen      total 177664K, used 2893K [0x000000076c580000, 0x000000077cf00000, 0x00000007c0000000)
  eden space 174592K, 0% used [0x000000076c580000,0x000000076c580000,0x0000000777000000)
  from space 3072K, 94% used [0x000000077cc00000,0x000000077ced3568,0x000000077cf00000)
  to   space 10752K, 0% used [0x000000077ba00000,0x000000077ba00000,0x000000077c480000)
 ParOldGen       total 138240K, used 22042K [0x00000006c5000000, 0x00000006cd700000, 0x000000076c580000)
  object space 138240K, 15% used [0x00000006c5000000,0x00000006c6586af0,0x00000006cd700000)
 Metaspace       used 23888K, capacity 24235K, committed 24576K, reserved 1071104K
  class space    used 2849K, capacity 2968K, committed 3072K, reserved 1048576K
}
Event: 4.642 GC heap before
{Heap before GC invocations=6 (full 1):
 PSYoungGen      total 177664K, used 177485K [0x000000076c580000, 0x000000077cf00000, 0x00000007c0000000)
  eden space 174592K, 100% used [0x000000076c580000,0x0000000777000000,0x0000000777000000)
  from space 3072K, 94% used [0x000000077cc00000,0x000000077ced3568,0x000000077cf00000)
  to   space 10752K, 0% used [0x000000077ba00000,0x000000077ba00000,0x000000077c480000)
 ParOldGen       total 138240K, used 22042K [0x00000006c5000000, 0x00000006cd700000, 0x000000076c580000)
  object space 138240K, 15% used [0x00000006c5000000,0x00000006c6586af0,0x00000006cd700000)
 Metaspace       used 24169K, capacity 24553K, committed 24832K, reserved 1071104K
  class space    used 2865K, capacity 2989K, committed 3072K, reserved 1048576K
Event: 4.644 GC heap after
Heap after GC invocations=6 (full 1):
 PSYoungGen      total 228352K, used 1582K [0x000000076c580000, 0x000000077db80000, 0x00000007c0000000)
  eden space 226304K, 0% used [0x000000076c580000,0x000000076c580000,0x000000077a280000)
  from space 2048K, 77% used [0x000000077ba00000,0x000000077bb8b8a0,0x000000077bc00000)
  to   space 29184K, 0% used [0x000000077bf00000,0x000000077bf00000,0x000000077db80000)
 ParOldGen       total 138240K, used 22050K [0x00000006c5000000, 0x00000006cd700000, 0x000000076c580000)
  object space 138240K, 15% used [0x00000006c5000000,0x00000006c6588af0,0x00000006cd700000)
 Metaspace       used 24169K, capacity 24553K, committed 24832K, reserved 1071104K
  class space    used 2865K, capacity 2989K, committed 3072K, reserved 1048576K
}
Event: 7.497 GC heap before
{Heap before GC invocations=7 (full 1):
 PSYoungGen      total 228352K, used 227886K [0x000000076c580000, 0x000000077db80000, 0x00000007c0000000)
  eden space 226304K, 100% used [0x000000076c580000,0x000000077a280000,0x000000077a280000)
  from space 2048K, 77% used [0x000000077ba00000,0x000000077bb8b8a0,0x000000077bc00000)
  to   space 29184K, 0% used [0x000000077bf00000,0x000000077bf00000,0x000000077db80000)
 ParOldGen       total 138240K, used 22050K [0x00000006c5000000, 0x00000006cd700000, 0x000000076c580000)
  object space 138240K, 15% used [0x00000006c5000000,0x00000006c6588af0,0x00000006cd700000)
 Metaspace       used 24267K, capacity 24635K, committed 24832K, reserved 1071104K
  class space    used 2868K, capacity 2992K, committed 3072K, reserved 1048576K
Event: 7.499 GC heap after
Heap after GC invocations=7 (full 1):
 PSYoungGen      total 255488K, used 1614K [0x000000076c580000, 0x0000000781100000, 0x00000007c0000000)
  eden space 226304K, 0% used [0x000000076c580000,0x000000076c580000,0x000000077a280000)
  from space 29184K, 5% used [0x000000077bf00000,0x000000077c0938a0,0x000000077db80000)
  to   space 29184K, 0% used [0x000000077a280000,0x000000077a280000,0x000000077bf00000)
 ParOldGen       total 138240K, used 22058K [0x00000006c5000000, 0x00000006cd700000, 0x000000076c580000)
  object space 138240K, 15% used [0x00000006c5000000,0x00000006c658aaf0,0x00000006cd700000)
 Metaspace       used 24267K, capacity 24635K, committed 24832K, reserved 1071104K
  class space    used 2868K, capacity 2992K, committed 3072K, reserved 1048576K
}

