# JRE version: OpenJDK Runtime Environment Temurin-11.0.12+7 (11.0.12+7) (build 11.0.12+7)
# Java VM: OpenJDK 64-Bit Server VM Temurin-11.0.12+7 (11.0.12+7, mixed mode, tiered, compressed oops, g1 gc, windows-amd64)
Heap:
 garbage-first heap   total 236544K, used 32180K [0x0000000741a00000, 0x0000000800000000)
  region size 1024K, 15 young (15360K), 5 survivors (5120K)
 Metaspace       used 26644K, capacity 26910K, committed 27264K, reserved 1073152K
  class space    used 3006K, capacity 3099K, committed 3200K, reserved 1048576K
GC Heap History (10 events):
Event: 0.809 GC heap before
{Heap before GC invocations=0 (full 0):
 garbage-first heap   total 196608K, used 14336K [0x0000000741a00000, 0x0000000800000000)
  region size 1024K, 14 young (14336K), 0 survivors (0K)
 Metaspace       used 8004K, capacity 8096K, committed 8192K, reserved 1056768K
  class space    used 686K, capacity 691K, committed 768K, reserved 1048576K
}
Event: 0.819 GC heap after
{Heap after GC invocations=1 (full 0):
 garbage-first heap   total 196608K, used 4709K [0x0000000741a00000, 0x0000000800000000)
  region size 1024K, 2 young (2048K), 2 survivors (2048K)
 Metaspace       used 8004K, capacity 8096K, committed 8192K, reserved 1056768K
  class space    used 686K, capacity 691K, committed 768K, reserved 1048576K
}
Event: 2.929 GC heap before
{Heap before GC invocations=1 (full 0):
 garbage-first heap   total 196608K, used 72293K [0x0000000741a00000, 0x0000000800000000)
  region size 1024K, 64 young (65536K), 2 survivors (2048K)
 Metaspace       used 17057K, capacity 17246K, committed 17280K, reserved 1064960K
  class space    used 1861K, capacity 1908K, committed 1920K, reserved 1048576K
}
Event: 2.948 GC heap after
{Heap after GC invocations=2 (full 0):
 garbage-first heap   total 196608K, used 15048K [0x0000000741a00000, 0x0000000800000000)
  region size 1024K, 8 young (8192K), 8 survivors (8192K)
 Metaspace       used 17057K, capacity 17246K, committed 17280K, reserved 1064960K
  class space    used 1861K, capacity 1908K, committed 1920K, reserved 1048576K
}
Event: 3.907 GC heap before
{Heap before GC invocations=2 (full 0):
 garbage-first heap   total 196608K, used 36552K [0x0000000741a00000, 0x0000000800000000)
  region size 1024K, 29 young (29696K), 8 survivors (8192K)
 Metaspace       used 19746K, capacity 19940K, committed 20096K, reserved 1067008K
  class space    used 2222K, capacity 2305K, committed 2432K, reserved 1048576K
}
Event: 3.921 GC heap after
{Heap after GC invocations=3 (full 0):
 garbage-first heap   total 196608K, used 17835K [0x0000000741a00000, 0x0000000800000000)
  region size 1024K, 3 young (3072K), 3 survivors (3072K)
 Metaspace       used 19746K, capacity 19940K, committed 20096K, reserved 1067008K
  class space    used 2222K, capacity 2305K, committed 2432K, reserved 1048576K
}
Event: 4.391 GC heap before
{Heap before GC invocations=3 (full 0):
 garbage-first heap   total 196608K, used 21931K [0x0000000741a00000, 0x0000000800000000)
  region size 1024K, 8 young (8192K), 3 survivors (3072K)
 Metaspace       used 20957K, capacity 21124K, committed 21248K, reserved 1069056K
  class space    used 2403K, capacity 2465K, committed 2560K, reserved 1048576K
}
Event: 4.401 GC heap after
{Heap after GC invocations=4 (full 0):
 garbage-first heap   total 196608K, used 18926K [0x0000000741a00000, 0x0000000800000000)
  region size 1024K, 1 young (1024K), 1 survivors (1024K)
 Metaspace       used 20957K, capacity 21124K, committed 21248K, reserved 1069056K
  class space    used 2403K, capacity 2465K, committed 2560K, reserved 1048576K
}
Event: 6.887 GC heap before
{Heap before GC invocations=5 (full 0):
 garbage-first heap   total 196608K, used 61934K [0x0000000741a00000, 0x0000000800000000)
  region size 1024K, 43 young (44032K), 1 survivors (1024K)
 Metaspace       used 25451K, capacity 25734K, committed 25856K, reserved 1073152K
  class space    used 2896K, capacity 2988K, committed 3072K, reserved 1048576K
}
Event: 6.902 GC heap after
{Heap after GC invocations=6 (full 0):
 garbage-first heap   total 236544K, used 22964K [0x0000000741a00000, 0x0000000800000000)
  region size 1024K, 5 young (5120K), 5 survivors (5120K)
 Metaspace       used 25451K, capacity 25734K, committed 25856K, reserved 1073152K
  class space    used 2896K, capacity 2988K, committed 3072K, reserved 1048576K
}

