# JRE version: OpenJDK Runtime Environment (8.0_302-b08) (build 1.8.0_302-b08)
# Java VM: OpenJDK 64-Bit Server VM (25.302-b08 mixed mode windows-amd64 compressed oops)
Heap:
 PSYoungGen      total 250368K, used 97996K [0x000000076c580000, 0x0000000780900000, 0x00000007c0000000)
  eden space 223232K, 43% used [0x000000076c580000,0x000000077238fb30,0x0000000779f80000)
  from space 27136K, 6% used [0x000000077bc00000,0x000000077bda38a0,0x000000077d680000)
  to   space 29184K, 0% used [0x0000000779f80000,0x0000000779f80000,0x000000077bc00000)
 ParOldGen       total 139264K, used 22042K [0x00000006c5000000, 0x00000006cd800000, 0x000000076c580000)
  object space 139264K, 15% used [0x00000006c5000000,0x00000006c6586b80,0x00000006cd800000)
 Metaspace       used 24321K, capacity 24775K, committed 25088K, reserved 1071104K
  class space    used 2876K, capacity 2994K, committed 3072K, reserved 1048576K
GC Heap History (10 events):
Event: 1.381 GC heap before
{Heap before GC invocations=3 (full 0):
 PSYoungGen      total 139776K, used 80249K [0x000000076c580000, 0x0000000775880000, 0x00000007c0000000)
  eden space 129024K, 53% used [0x000000076c580000,0x0000000770961d30,0x0000000774380000)
  from space 10752K, 99% used [0x0000000774e00000,0x000000077587c950,0x0000000775880000)
  to   space 10752K, 0% used [0x0000000774380000,0x0000000774380000,0x0000000774e00000)
 ParOldGen       total 172032K, used 17262K [0x00000006c5000000, 0x00000006cf800000, 0x000000076c580000)
  object space 172032K, 10% used [0x00000006c5000000,0x00000006c60db970,0x00000006cf800000)
 Metaspace       used 20849K, capacity 21116K, committed 21248K, reserved 1067008K
  class space    used 2631K, capacity 2710K, committed 2816K, reserved 1048576K
Event: 1.390 GC heap after
Heap after GC invocations=3 (full 0):
 PSYoungGen      total 139776K, used 10739K [0x000000076c580000, 0x000000077d680000, 0x00000007c0000000)
  eden space 129024K, 0% used [0x000000076c580000,0x000000076c580000,0x0000000774380000)
  from space 10752K, 99% used [0x0000000774380000,0x0000000774dfcd50,0x0000000774e00000)
  to   space 10752K, 0% used [0x000000077cc00000,0x000000077cc00000,0x000000077d680000)
 ParOldGen       total 172032K, used 24731K [0x00000006c5000000, 0x00000006cf800000, 0x000000076c580000)
  object space 172032K, 14% used [0x00000006c5000000,0x00000006c6826cc8,0x00000006cf800000)
 Metaspace       used 20849K, capacity 21116K, committed 21248K, reserved 1067008K
  class space    used 2631K, capacity 2710K, committed 2816K, reserved 1048576K
}
Event: 1.390 GC heap before
{Heap before GC invocations=4 (full 1):
 PSYoungGen      total 139776K, used 10739K [0x000000076c580000, 0x000000077d680000, 0x00000007c0000000)
  eden space 129024K, 0% used [0x000000076c580000,0x000000076c580000,0x0000000774380000)
  from space 10752K, 99% used [0x0000000774380000,0x0000000774dfcd50,0x0000000774e00000)
  to   space 10752K, 0% used [0x000000077cc00000,0x000000077cc00000,0x000000077d680000)
 ParOldGen       total 172032K, used 24731K [0x00000006c5000000, 0x00000006cf800000, 0x000000076c580000)
  object space 172032K, 14% used [0x00000006c5000000,0x00000006c6826cc8,0x00000006cf800000)
 Metaspace       used 20849K, capacity 21116K, committed 21248K, reserved 1067008K
  class space    used 2631K, capacity 2710K, committed 2816K, reserved 1048576K
Event: 1.426 GC heap after
Heap after GC invocations=4 (full 1):
 PSYoungGen      total 139776K, used 0K [0x000000076c580000, 0x000000077d680000, 0x00000007c0000000)
  eden space 129024K, 0% used [0x000000076c580000,0x000000076c580000,0x0000000774380000)
  from space 10752K, 0% used [0x0000000774380000,0x0000000774380000,0x0000000774e00000)
  to   space 10752K, 0% used [0x000000077cc00000,0x000000077cc00000,0x000000077d680000)
 ParOldGen       total 139264K, used 22018K [0x00000006c5000000, 0x00000006cd800000, 0x000000076c580000)
  object space 139264K, 15% used [0x00000006c5000000,0x00000006c6580b80,0x00000006cd800000)
 Metaspace       used 20849K, capacity 21116K, committed 21248K, reserved 1067008K
  class space    used 2631K, capacity 2710K, committed 2816K, reserved 1048576K
}
Event: 3.053 GC heap before
{Heap before GC invocations=5 (full 1):
 PSYoungGen      total 139776K, used 129024K [0x000000076c580000, 0x000000077d680000, 0x00000007c0000000)
  eden space 129024K, 100% used [0x000000076c580000,0x0000000774380000,0x0000000774380000)
  from space 10752K, 0% used [0x0000000774380000,0x0000000774380000,0x0000000774e00000)
  to   space 10752K, 0% used [0x000000077cc00000,0x000000077cc00000,0x000000077d680000)
 ParOldGen       total 139264K, used 22018K [0x00000006c5000000, 0x00000006cd800000, 0x000000076c580000)
  object space 139264K, 15% used [0x00000006c5000000,0x00000006c6580b80,0x00000006cd800000)
 Metaspace       used 23880K, capacity 24235K, committed 24576K, reserved 1071104K
  class space    used 2848K, capacity 2968K, committed 3072K, reserved 1048576K
Event: 3.056 GC heap after
Heap after GC invocations=5 (full 1):
 PSYoungGen      total 175616K, used 2852K [0x000000076c580000, 0x000000077cf00000, 0x00000007c0000000)
  eden space 172544K, 0% used [0x000000076c580000,0x000000076c580000,0x0000000776e00000)
  from space 3072K, 92% used [0x000000077cc00000,0x000000077cec9210,0x000000077cf00000)
  to   space 10752K, 0% used [0x000000077ba00000,0x000000077ba00000,0x000000077c480000)
 ParOldGen       total 139264K, used 22026K [0x00000006c5000000, 0x00000006cd800000, 0x000000076c580000)
  object space 139264K, 15% used [0x00000006c5000000,0x00000006c6582b80,0x00000006cd800000)
 Metaspace       used 23880K, capacity 24235K, committed 24576K, reserved 1071104K
  class space    used 2848K, capacity 2968K, committed 3072K, reserved 1048576K
}
Event: 4.368 GC heap before
{Heap before GC invocations=6 (full 1):
 PSYoungGen      total 175616K, used 175396K [0x000000076c580000, 0x000000077cf00000, 0x00000007c0000000)
  eden space 172544K, 100% used [0x000000076c580000,0x0000000776e00000,0x0000000776e00000)
  from space 3072K, 92% used [0x000000077cc00000,0x000000077cec9210,0x000000077cf00000)
  to   space 10752K, 0% used [0x000000077ba00000,0x000000077ba00000,0x000000077c480000)
 ParOldGen       total 139264K, used 22026K [0x00000006c5000000, 0x00000006cd800000, 0x000000076c580000)
  object space 139264K, 15% used [0x00000006c5000000,0x00000006c6582b80,0x00000006cd800000)
 Metaspace       used 24171K, capacity 24553K, committed 24832K, reserved 1071104K
  class space    used 2864K, capacity 2989K, committed 3072K, reserved 1048576K
Event: 4.370 GC heap after
Heap after GC invocations=6 (full 1):
 PSYoungGen      total 223232K, used 1646K [0x000000076c580000, 0x000000077d680000, 0x00000007c0000000)
  eden space 221184K, 0% used [0x000000076c580000,0x000000076c580000,0x0000000779d80000)
  from space 2048K, 80% used [0x000000077ba00000,0x000000077bb9b8a0,0x000000077bc00000)
  to   space 27136K, 0% used [0x000000077bc00000,0x000000077bc00000,0x000000077d680000)
 ParOldGen       total 139264K, used 22034K [0x00000006c5000000, 0x00000006cd800000, 0x000000076c580000)
  object space 139264K, 15% used [0x00000006c5000000,0x00000006c6584b80,0x00000006cd800000)
 Metaspace       used 24171K, capacity 24553K, committed 24832K, reserved 1071104K
  class space    used 2864K, capacity 2989K, committed 3072K, reserved 1048576K
}
Event: 7.059 GC heap before
{Heap before GC invocations=7 (full 1):
 PSYoungGen      total 223232K, used 222830K [0x000000076c580000, 0x000000077d680000, 0x00000007c0000000)
  eden space 221184K, 100% used [0x000000076c580000,0x0000000779d80000,0x0000000779d80000)
  from space 2048K, 80% used [0x000000077ba00000,0x000000077bb9b8a0,0x000000077bc00000)
  to   space 27136K, 0% used [0x000000077bc00000,0x000000077bc00000,0x000000077d680000)
 ParOldGen       total 139264K, used 22034K [0x00000006c5000000, 0x00000006cd800000, 0x000000076c580000)
  object space 139264K, 15% used [0x00000006c5000000,0x00000006c6584b80,0x00000006cd800000)
 Metaspace       used 24255K, capacity 24635K, committed 24832K, reserved 1071104K
  class space    used 2867K, capacity 2992K, committed 3072K, reserved 1048576K
Event: 7.062 GC heap after
Heap after GC invocations=7 (full 1):
 PSYoungGen      total 250368K, used 1678K [0x000000076c580000, 0x0000000780900000, 0x00000007c0000000)
  eden space 223232K, 0% used [0x000000076c580000,0x000000076c580000,0x0000000779f80000)
  from space 27136K, 6% used [0x000000077bc00000,0x000000077bda38a0,0x000000077d680000)
  to   space 29184K, 0% used [0x0000000779f80000,0x0000000779f80000,0x000000077bc00000)
 ParOldGen       total 139264K, used 22042K [0x00000006c5000000, 0x00000006cd800000, 0x000000076c580000)
  object space 139264K, 15% used [0x00000006c5000000,0x00000006c6586b80,0x00000006cd800000)
 Metaspace       used 24255K, capacity 24635K, committed 24832K, reserved 1071104K
  class space    used 2867K, capacity 2992K, committed 3072K, reserved 1048576K
}

